[2025-04-08 16:09:19] INFO - Captured image point 1: (416, 60)
[2025-04-08 16:09:21] INFO - Captured image point 2: (490, 80)
[2025-04-08 16:09:22] INFO - Captured image point 3: (314, 96)
[2025-04-08 16:09:23] INFO - Captured image point 4: (509, 104)
[2025-04-08 16:09:23] INFO - 
All 4 image points captured.
[2025-04-08 16:15:18] INFO - Captured image point 1: (415, 60)
[2025-04-08 16:15:19] INFO - Captured image point 2: (495, 80)
[2025-04-08 16:15:21] INFO - Captured image point 3: (313, 98)
[2025-04-08 16:15:23] INFO - Captured image point 4: (512, 108)
[2025-04-08 16:15:23] INFO - 
All 4 image points captured.
[2025-04-08 16:19:42] INFO - Captured image point 1: (414, 61)
[2025-04-08 16:19:44] INFO - Captured image point 2: (493, 78)
[2025-04-08 16:19:46] INFO - Captured image point 3: (313, 96)
[2025-04-08 16:19:48] INFO - Captured image point 4: (514, 109)
[2025-04-08 16:19:48] INFO - 
All 4 image points captured.
[2025-04-08 16:19:56] INFO - Captured image point 1: (415, 60)
[2025-04-08 16:19:58] INFO - Captured image point 2: (498, 81)
[2025-04-08 16:19:59] INFO - Captured image point 3: (314, 97)
[2025-04-08 16:20:01] INFO - Captured image point 4: (511, 108)
[2025-04-08 16:20:01] INFO - 
All 4 image points captured.
[2025-04-08 16:20:05] INFO - Template indices received. Now computing homography...
[2025-04-08 16:20:05] INFO - Homography computed successfully:
[2025-04-08 16:20:05] INFO - [[     2.7973      15.241      301.08]
 [     1.2307      15.989     -1470.1]
 [  0.0014238     0.03564           1]]
[2025-04-08 16:20:35] INFO - Captured image point 1: (415, 59)
[2025-04-08 16:20:37] INFO - Captured image point 2: (496, 81)
[2025-04-08 16:20:39] INFO - Captured image point 3: (316, 96)
[2025-04-08 16:20:40] INFO - Captured image point 4: (511, 110)
[2025-04-08 16:20:40] INFO - 
All 4 image points captured.
[2025-04-08 16:20:43] INFO - Template indices received. Now computing homography...
[2025-04-08 16:20:43] INFO - Homography computed successfully:
[2025-04-08 16:20:43] INFO - 
[[     4.0154      23.204      104.88]
 [      1.559      21.284     -1902.7]
 [  0.0020771    0.051966           1]]
[2025-04-08 16:20:46] INFO - ✅ Wrote annotated frame + homography to:
  /home/tonso/code/00--research/soccer-vision/data/annotated_homographies/v1/annot_frame_0.png
  /home/tonso/code/00--research/soccer-vision/data/annotated_homographies/v1/annot_frame_0_H.npy
[2025-04-08 16:22:50] INFO - Captured image point 1: (415, 62)
[2025-04-08 16:22:51] INFO - Captured image point 2: (488, 75)
[2025-04-08 16:22:52] INFO - Captured image point 3: (315, 97)
[2025-04-08 16:22:53] INFO - Captured image point 4: (510, 105)
[2025-04-08 16:22:53] INFO - 
All 4 image points captured.
[2025-04-08 16:22:56] INFO - Template indices received. Now computing homography...
[2025-04-08 16:22:56] INFO - Homography computed successfully:
[2025-04-08 16:22:56] INFO - 
[[    -1.4861     -7.4583      658.37]
 [   -0.53399     -4.2041      482.26]
 [ -0.0018359    -0.01449           1]]
[2025-04-08 16:22:58] INFO - ✅ Wrote annotated frame + homography to:
  /home/tonso/code/00--research/soccer-vision/data/annotated_homographies/v1/annot_frame_0.png
  /home/tonso/code/00--research/soccer-vision/data/annotated_homographies/v1/annot_frame_0_H.npy
[2025-04-08 16:30:44] INFO - Captured image point 1: (411, 58)
[2025-04-08 16:30:45] INFO - Captured image point 2: (490, 79)
[2025-04-08 16:30:46] INFO - Captured image point 3: (308, 95)
[2025-04-08 16:30:48] INFO - Captured image point 4: (512, 108)
[2025-04-08 16:30:48] INFO - All 4 image points captured.
[2025-04-08 16:30:51] INFO - Template indices received. Now computing homography...
[2025-04-08 16:30:51] INFO - Homography computed successfully:
[2025-04-08 16:30:51] INFO - 
[[     1.3399      20.507      269.12]
 [    0.86001      14.891     -1217.2]
 [-0.00089348    0.043453           1]]
[2025-04-08 16:30:51] INFO - ✅ Saved annotated frame to:
  /home/tonso/code/00--research/soccer-vision/data/annotated_homographies/v1/annot_frame_0.png
  /home/tonso/code/00--research/soccer-vision/data/annotated_homographies/v1/annot_frame_0_H.npy
[2025-04-08 16:30:55] INFO - 🔁 Ready for next annotation (1/20)
[2025-04-08 16:31:09] INFO - ⏭ Skipping current annotation.
[2025-04-08 16:31:10] INFO - ⏭ Skipping current annotation.
[2025-04-08 16:31:11] INFO - ⏭ Skipping current annotation.
[2025-04-08 16:31:11] INFO - ⏭ Skipping current annotation.
[2025-04-08 16:31:11] INFO - ⏭ Skipping current annotation.
[2025-04-08 16:31:11] INFO - ⏭ Skipping current annotation.
[2025-04-08 16:31:11] INFO - ⏭ Skipping current annotation.
[2025-04-08 16:31:12] INFO - ⏭ Skipping current annotation.
[2025-04-08 16:32:01] INFO - Captured image point 1: (413, 59)
[2025-04-08 16:32:02] INFO - Captured image point 2: (492, 80)
[2025-04-08 16:32:03] INFO - Captured image point 3: (309, 93)
[2025-04-08 16:32:05] INFO - Captured image point 4: (513, 111)
[2025-04-08 16:32:05] INFO - 
All 4 image points captured.
[2025-04-08 16:32:09] INFO - Template indices received. Now computing homography...
[2025-04-08 16:32:09] INFO - Homography computed successfully:
[2025-04-08 16:32:09] INFO - [[    -15.424     -135.79      2757.3]
 [    -5.2868     -91.862      7603.3]
 [ -0.0067891    -0.27861           1]]
[2025-04-08 16:32:29] INFO - ✅ Wrote annotated frame + homography to:
  /home/tonso/code/00--research/soccer-vision/data/annotated_homographies/v1/annot_frame_0.png
  /home/tonso/code/00--research/soccer-vision/data/annotated_homographies/v1/annot_frame_0_H.npy
[2025-04-11 15:06:23] INFO - Captured image point 1: (408, 60)
[2025-04-11 15:06:25] INFO - Captured image point 2: (480, 79)
[2025-04-11 15:06:27] INFO - Captured image point 3: (308, 97)
[2025-04-11 15:06:29] INFO - Captured image point 4: (506, 110)
[2025-04-11 15:06:29] INFO - 
All 4 image points captured.
[2025-04-11 15:06:33] INFO - Template indices received. Now computing homography...
[2025-04-11 15:06:33] INFO - Homography computed successfully:
[2025-04-11 15:06:33] INFO - 
[[-7.06801714e+00 -9.53344291e+01  1.87399656e+03]
 [-3.98003074e+00 -5.61320423e+01  4.99177508e+03]
 [-1.28863587e-04 -1.99207081e-01  1.00000000e+00]]
[2025-04-11 15:07:20] INFO - Captured image point 1: (277, 546)
[2025-04-11 15:08:03] INFO - Captured image point 1: (405, 60)
[2025-04-11 15:08:05] INFO - Captured image point 2: (483, 80)
[2025-04-11 15:08:07] INFO - Captured image point 3: (307, 95)
[2025-04-11 15:08:08] INFO - Captured image point 4: (499, 111)
[2025-04-11 15:08:08] INFO - 
All 4 image points captured.
[2025-04-11 15:08:12] INFO - Template indices received. Now computing homography...
[2025-04-11 15:08:12] INFO - Homography computed successfully:
[2025-04-11 15:08:12] INFO - 
[[-3.83268388e+00 -1.86537758e+01  8.77088141e+02]
 [-1.19885876e+00 -1.37619552e+01  1.31125511e+03]
 [-3.72786153e-03 -4.04080858e-02  1.00000000e+00]]
[2025-04-11 15:08:15] INFO - ✅ Wrote annotated frame + homography to:
  /home/tonso/code/00--research/soccer-vision/data/annotated_homographies/annot_frame_0.png
  /home/tonso/code/00--research/soccer-vision/data/annotated_homographies/annot_frame_0_H.npy
[2025-04-11 15:08:32] INFO - Captured image point 1: (380, 49)
[2025-04-11 15:08:34] INFO - Captured image point 2: (464, 73)
[2025-04-11 15:08:36] INFO - Captured image point 3: (271, 90)
[2025-04-11 15:08:37] INFO - Captured image point 4: (488, 104)
[2025-04-11 15:08:37] INFO - 
All 4 image points captured.
[2025-04-11 15:08:41] INFO - Template indices received. Now computing homography...
[2025-04-11 15:08:41] INFO - Homography computed successfully:
[2025-04-11 15:08:41] INFO - 
[[ 1.62376059e-01  7.74096671e+00  4.40118711e+02]
 [ 2.70926521e-01  5.78311870e+00 -3.86324894e+02]
 [-1.07879810e-03  1.73636257e-02  1.00000000e+00]]
[2025-04-11 15:08:43] INFO - ✅ Wrote annotated frame + homography to:
  /home/tonso/code/00--research/soccer-vision/data/annotated_homographies/annot_frame_0.png
  /home/tonso/code/00--research/soccer-vision/data/annotated_homographies/annot_frame_0_H.npy
[2025-04-11 15:15:49] INFO - Captured image point 1: (415, 36)
[2025-04-11 15:15:51] INFO - Captured image point 2: (481, 56)
[2025-04-11 15:15:53] INFO - Captured image point 3: (321, 68)
[2025-04-11 15:15:55] INFO - Captured image point 4: (502, 81)
[2025-04-11 15:15:55] INFO - 
All 4 image points captured.
[2025-04-11 15:15:59] INFO - Template indices received. Now computing homography...
[2025-04-11 15:15:59] INFO - Homography computed successfully:
[2025-04-11 15:15:59] INFO - 
[[-3.33874867e-01  6.54071291e+00  4.15154376e+02]
 [ 8.10979934e-02  4.37345190e+00 -1.91099936e+02]
 [-1.63008724e-03  1.42733421e-02  1.00000000e+00]]
[2025-04-11 15:16:58] INFO - Captured image point 1: (501, 522)
[2025-04-11 15:18:16] INFO - Captured image point 1: (415, 38)
[2025-04-11 15:18:18] INFO - Captured image point 2: (486, 56)
[2025-04-11 15:18:21] INFO - Captured image point 3: (324, 69)
[2025-04-11 15:18:23] INFO - Captured image point 4: (499, 82)
[2025-04-11 15:18:23] INFO - 
All 4 image points captured.
[2025-04-11 15:18:27] INFO - Template indices received. Now computing homography...
[2025-04-11 15:18:27] INFO - Homography computed successfully:
[2025-04-11 15:18:27] INFO - 
[[ 1.93524365e+01  1.07911081e+02 -1.95782660e+03]
 [ 6.59534338e+00  8.60380148e+01 -6.00651207e+03]
 [ 1.57979756e-02  2.38975247e-01  1.00000000e+00]]
[2025-04-11 15:18:29] INFO - ✅ Wrote annotated frame + homography to:
  data/annotated_homographies/annot_frame_0.png
  data/annotated_homographies/annot_frame_0_H.npy
[2025-04-11 15:19:22] INFO - Captured image point 1: (567, 50)
[2025-04-11 15:19:24] INFO - Captured image point 2: (447, 89)
[2025-04-11 15:19:26] INFO - Captured image point 3: (535, 123)
[2025-04-11 15:19:28] INFO - Captured image point 4: (115, 181)
[2025-04-11 15:19:28] INFO - 
All 4 image points captured.
[2025-04-11 15:19:41] INFO - Template indices received. Now computing homography...
[2025-04-11 15:19:41] INFO - Homography computed successfully:
[2025-04-11 15:19:41] INFO - 
[[-8.17873499e-01 -2.74069936e+00  5.30410119e+02]
 [-2.61179859e-01 -1.16017967e+00  2.06097964e+02]
 [-1.48100178e-03 -5.50654803e-03  1.00000000e+00]]
[2025-04-11 15:19:44] INFO - ✅ Wrote annotated frame + homography to:
  data/annotated_homographies/annot_frame_1.png
  data/annotated_homographies/annot_frame_1_H.npy
[2025-04-11 15:22:19] INFO - Captured image point 1: (370, 21)
[2025-04-11 15:22:21] INFO - Captured image point 2: (441, 40)
[2025-04-11 15:22:23] INFO - Captured image point 3: (278, 53)
[2025-04-11 15:22:25] INFO - Captured image point 4: (457, 64)
[2025-04-11 15:22:25] INFO - 
All 4 image points captured.
[2025-04-11 15:22:29] INFO - Template indices received. Now computing homography...
[2025-04-11 15:22:29] INFO - Homography computed successfully:
[2025-04-11 15:22:29] INFO - 
[[ 4.02001659e-01  6.57207733e+00  4.02575002e+02]
 [ 2.86226085e-01  5.56187612e+00 -2.22703050e+02]
 [-5.14680095e-04  1.51268429e-02  1.00000000e+00]]
[2025-04-11 15:22:33] INFO - ✅ Wrote annotated frame + homography to:
  data/annotated_homographies/annot_frame_2.png
  data/annotated_homographies/annot_frame_2_H.npy
[2025-04-11 15:23:11] INFO - Captured image point 1: (475, 55)
[2025-04-11 15:23:12] INFO - Captured image point 2: (571, 80)
[2025-04-11 15:23:14] INFO - Captured image point 3: (350, 98)
[2025-04-11 15:23:16] INFO - Captured image point 4: (594, 116)
[2025-04-11 15:23:16] INFO - 
All 4 image points captured.
[2025-04-11 15:23:21] INFO - Template indices received. Now computing homography...
[2025-04-11 15:23:21] INFO - Homography computed successfully:
[2025-04-11 15:23:21] INFO - 
[[ 2.78142705e+00  2.26082027e+01  8.77401100e+01]
 [ 1.10313471e+00  1.66031319e+01 -1.43716124e+03]
 [ 1.30149262e-03  4.94382239e-02  1.00000000e+00]]
[2025-04-11 15:23:23] INFO - ✅ Wrote annotated frame + homography to:
  data/annotated_homographies/annot_frame_3.png
  data/annotated_homographies/annot_frame_3_H.npy
[2025-04-11 15:24:33] INFO - Captured image point 1: (343, 148)
[2025-04-11 15:24:36] INFO - Captured image point 2: (498, 192)
[2025-04-11 15:24:40] INFO - Captured image point 3: (275, 170)
[2025-04-11 15:24:42] INFO - Captured image point 4: (243, 258)
[2025-04-11 15:24:42] INFO - 
All 4 image points captured.
[2025-04-11 15:25:00] INFO - Template indices received. Now computing homography...
[2025-04-11 15:25:00] INFO - Homography computed successfully:
[2025-04-11 15:25:00] INFO - 
[[ 3.56009294e+00  1.28757311e+00  7.35860086e+02]
 [ 2.13299629e+00  4.47234656e+00 -5.01646188e+02]
 [ 4.68174513e-03  6.12117852e-03  1.00000000e+00]]
[2025-04-11 15:25:03] INFO - ✅ Wrote annotated frame + homography to:
  data/annotated_homographies/annot_frame_4.png
  data/annotated_homographies/annot_frame_4_H.npy
[2025-04-14 13:29:01] INFO - Captured image point 1: (413, 37)
[2025-04-14 13:29:04] INFO - Captured image point 2: (483, 56)
[2025-04-14 13:29:07] INFO - Captured image point 3: (325, 69)
[2025-04-14 13:29:09] INFO - Captured image point 4: (501, 82)
[2025-04-14 13:29:09] INFO - 
All 4 image points captured.
[2025-04-14 13:30:13] INFO - Template indices received. Now computing homography...
[2025-04-14 13:30:13] INFO - Homography computed successfully:
[2025-04-14 13:30:13] INFO - 
[[ 1.50345368e+00  1.48523839e+01  2.05464652e+02]
 [ 6.88973082e-01  1.13374614e+01 -7.04031955e+02]
 [ 5.86454090e-05  3.31292038e-02  1.00000000e+00]]
[2025-04-14 13:31:51] INFO - ✅ Wrote annotated frame + homography to:
  data/annotated_homographies/annot_frame_0.png
  data/annotated_homographies/annot_frame_0_H.npy
[2025-04-14 13:33:10] INFO - Captured image point 1: (413, 36)
[2025-04-14 13:33:12] INFO - Captured image point 2: (482, 57)
[2025-04-14 13:33:13] INFO - Captured image point 3: (324, 71)
[2025-04-14 13:33:14] INFO - Captured image point 4: (504, 81)
[2025-04-14 13:33:14] INFO - 
All 4 image points captured.
[2025-04-14 13:33:18] INFO - Template indices received. Now computing homography...
[2025-04-14 13:33:18] INFO - Homography computed successfully:
[2025-04-14 13:33:18] INFO - 
[[-4.65289423e-01  4.33698279e+00  4.55841222e+02]
 [ 5.65718540e-02  3.22279174e+00 -1.39384678e+02]
 [-1.62469327e-03  9.93037171e-03  1.00000000e+00]]
[2025-04-14 13:33:55] INFO - ✅ Wrote annotated frame + homography to:
  data/annotated_homographies/annot_frame_0.png
  data/annotated_homographies/annot_frame_0_H.npy
[2025-04-14 13:35:03] INFO - Captured image point 1: (302, 515)
[2025-04-14 13:39:23] INFO - Captured image point 1: (417, 60)
[2025-04-14 13:39:24] INFO - Captured image point 2: (490, 80)
[2025-04-14 13:39:25] INFO - Captured image point 3: (313, 95)
[2025-04-14 13:39:27] INFO - Captured image point 4: (513, 106)
[2025-04-14 13:39:27] INFO - 
All 4 image points captured.
[2025-04-14 13:39:50] INFO - Template indices received. Now computing homography...
[2025-04-14 13:39:50] INFO - Homography computed successfully:
[2025-04-14 13:39:50] INFO - 
[[   -0.36779      11.887      421.57]
 [    0.25706       7.976     -585.75]
 [ -0.0022864    0.024893           1]]
[2025-04-14 13:40:07] INFO - Captured image point 1: (416, 59)
[2025-04-14 13:40:08] INFO - Captured image point 2: (494, 78)
[2025-04-14 13:40:09] INFO - Captured image point 3: (313, 96)
[2025-04-14 13:40:11] INFO - Captured image point 4: (512, 112)
[2025-04-14 13:40:11] INFO - 
All 4 image points captured.
[2025-04-14 13:40:16] INFO - Template indices received. Now computing homography...
[2025-04-14 13:40:16] INFO - Homography computed successfully:
[2025-04-14 13:40:16] INFO - 
[[    -2.4756     -11.865       773.9]
 [    -0.7839     -7.5996      774.48]
 [ -0.0026509   -0.023686           1]]
[2025-04-14 14:49:08] INFO - Captured image point 1: (543, 302)
[2025-04-14 14:54:04] INFO - Captured image point 1: (617, 309)
[2025-04-14 15:30:18] INFO - Captured image point 1: (482, 292)
[2025-04-14 17:41:34] INFO - Captured image point 1: (416, 63)
[2025-04-14 17:41:35] INFO - Captured image point 2: (488, 80)
[2025-04-14 17:41:36] INFO - Captured image point 3: (316, 97)
[2025-04-14 17:41:37] INFO - Captured image point 4: (510, 104)
[2025-04-14 17:41:37] INFO - 
All 4 image points captured.
[2025-04-14 17:41:40] INFO - Template indices received. Now computing homography...
[2025-04-14 17:41:40] INFO - Homography computed successfully:
[2025-04-14 17:41:40] INFO - 
[[    0.56457      32.538      251.74]
 [     1.2524      22.229     -1921.4]
 [ -0.0031693    0.068236           1]]
[2025-04-14 17:41:57] INFO - ✅ Wrote annotated frame + homography to:
  data/annotated_homographies/annot_frame_0.png
  data/annotated_homographies/annot_frame_0_H.npy
